<?xml version="1.0" encoding="UTF-8"?>
<!-- Generated by org.testng.reporters.JUnitReportReporter -->
<testsuite hostname="DESKTOP-DCMMFHS" failures="0" tests="2" name="greenKart.ValidateGreenkartPage" time="0.961" errors="0" timestamp="2020-06-10T17:24:06 PDT" skipped="0">
  <testcase classname="greenKart.ValidateGreenkartPage" name="validateTitle" time="0.288"/>
  <system-out/>
  <testcase classname="greenKart.ValidateGreenkartPage" name="validateOffer" time="0.673"/>
  <system-out/>
</testsuite> <!-- greenKart.ValidateGreenkartPage -->
