<?xml version="1.0" encoding="UTF-8"?>
<!-- Generated by org.testng.reporters.JUnitReportReporter -->
<testsuite hostname="DESKTOP-DCMMFHS" failures="0" tests="2" name="greenKart.ValidateGreenkartPage" time="0.643" errors="0" timestamp="2020-06-09T17:49:27 PDT" skipped="0">
  <testcase classname="greenKart.ValidateGreenkartPage" name="validateTitle" time="0.080"/>
  <system-out/>
  <testcase classname="greenKart.ValidateGreenkartPage" name="validateOffer" time="0.563"/>
  <system-out/>
</testsuite> <!-- greenKart.ValidateGreenkartPage -->
