<?xml version="1.0" encoding="UTF-8"?>
<!-- Generated by org.testng.reporters.JUnitReportReporter -->
<testsuite hostname="DESKTOP-DCMMFHS" failures="0" tests="2" name="greenKart.ValidateGreenkartPage" time="0.995" errors="0" timestamp="9 Jun 2020 07:31:03 GMT">
  <testcase classname="greenKart.ValidateGreenkartPage" name="validateOffer" time="0.692"/>
  <testcase classname="greenKart.ValidateGreenkartPage" name="validateTitle" time="0.303"/>
</testsuite> <!-- greenKart.ValidateGreenkartPage -->
