<?xml version="1.0" encoding="UTF-8"?>
<!-- Generated by org.testng.reporters.JUnitReportReporter -->
<testsuite hostname="DESKTOP-DCMMFHS" failures="0" tests="2" name="greenKart.ValidateGreenkartPage" time="0.685" errors="0" timestamp="2020-06-10T16:53:52 PDT" skipped="0">
  <testcase classname="greenKart.ValidateGreenkartPage" name="validateOffer" time="0.484"/>
  <system-out/>
  <testcase classname="greenKart.ValidateGreenkartPage" name="validateTitle" time="0.201"/>
  <system-out/>
</testsuite> <!-- greenKart.ValidateGreenkartPage -->
